0 info it worked if it ends with ok
1 verbose cli [ '/Users/samirpatel/.nvm/versions/node/v6.10.2/bin/node',
1 verbose cli   '/Users/samirpatel/.nvm/versions/node/v6.10.2/lib/node_modules/npm/bin/npm-cli.js',
1 verbose cli   'install',
1 verbose cli   '--scripts-prepend-node-path=auto' ]
2 info using npm@3.10.10
3 info using node@v6.10.2
4 silly loadCurrentTree Starting
5 silly install loadCurrentTree
6 silly install readLocalPackageData
7 silly install normalizeTree
8 silly loadCurrentTree Finishing
9 silly loadIdealTree Starting
10 silly install loadIdealTree
11 silly cloneCurrentTree Starting
12 silly install cloneCurrentTreeToIdealTree
13 silly cloneCurrentTree Finishing
14 silly loadShrinkwrap Starting
15 silly install loadShrinkwrap
16 silly loadShrinkwrap Finishing
17 silly loadAllDepsIntoIdealTree Starting
18 silly install loadAllDepsIntoIdealTree
19 silly fetchNamedPackageData hls-parser
20 silly mapToRegistry name hls-parser
21 silly mapToRegistry using default registry
22 silly mapToRegistry registry https://registry.npmjs.org/
23 silly mapToRegistry data Result {
23 silly mapToRegistry   raw: 'hls-parser',
23 silly mapToRegistry   scope: null,
23 silly mapToRegistry   escapedName: 'hls-parser',
23 silly mapToRegistry   name: 'hls-parser',
23 silly mapToRegistry   rawSpec: '',
23 silly mapToRegistry   spec: 'latest',
23 silly mapToRegistry   type: 'tag' }
24 silly mapToRegistry uri https://registry.npmjs.org/hls-parser
25 verbose request uri https://registry.npmjs.org/hls-parser
26 verbose request no auth needed
27 info attempt registry request try #1 at 12:16:59 PM
28 verbose request id 0f95e502d923a090
29 verbose etag W/"877c23d6e3dc9bbdb0e739d3e6318c62"
30 verbose lastModified Wed, 26 Jun 2019 14:56:23 GMT
31 http request GET https://registry.npmjs.org/hls-parser
32 http 304 https://registry.npmjs.org/hls-parser
33 verbose headers { date: 'Thu, 11 Jul 2019 17:16:59 GMT',
33 verbose headers   connection: 'keep-alive',
33 verbose headers   'set-cookie': [ '__cfduid=dc18e2c8ee4042b0fd44a34bc5e560e611562865419; expires=Fri, 10-Jul-20 17:16:59 GMT; path=/; domain=.npmjs.org; HttpOnly' ],
33 verbose headers   'cf-cache-status': 'HIT',
33 verbose headers   'cache-control': 'max-age=300',
33 verbose headers   'cf-ray': '4f4c6da91ac657ff-DFW',
33 verbose headers   age: '6243',
33 verbose headers   etag: '"877c23d6e3dc9bbdb0e739d3e6318c62"',
33 verbose headers   'expect-ct': 'max-age=604800, report-uri="https://report-uri.cloudflare.com/cdn-cgi/beacon/expect-ct"',
33 verbose headers   'last-modified': 'Wed, 26 Jun 2019 14:56:23 GMT',
33 verbose headers   vary: 'accept-encoding, accept',
33 verbose headers   'x-amz-meta-rev': '18-ce30537a815dc30864674e92518e2045',
33 verbose headers   server: 'cloudflare' }
34 silly get cb [ 304,
34 silly get   { date: 'Thu, 11 Jul 2019 17:16:59 GMT',
34 silly get     connection: 'keep-alive',
34 silly get     'set-cookie': [ '__cfduid=dc18e2c8ee4042b0fd44a34bc5e560e611562865419; expires=Fri, 10-Jul-20 17:16:59 GMT; path=/; domain=.npmjs.org; HttpOnly' ],
34 silly get     'cf-cache-status': 'HIT',
34 silly get     'cache-control': 'max-age=300',
34 silly get     'cf-ray': '4f4c6da91ac657ff-DFW',
34 silly get     age: '6243',
34 silly get     etag: '"877c23d6e3dc9bbdb0e739d3e6318c62"',
34 silly get     'expect-ct': 'max-age=604800, report-uri="https://report-uri.cloudflare.com/cdn-cgi/beacon/expect-ct"',
34 silly get     'last-modified': 'Wed, 26 Jun 2019 14:56:23 GMT',
34 silly get     vary: 'accept-encoding, accept',
34 silly get     'x-amz-meta-rev': '18-ce30537a815dc30864674e92518e2045',
34 silly get     server: 'cloudflare' } ]
35 verbose etag https://registry.npmjs.org/hls-parser from cache
36 verbose get saving hls-parser to /Users/samirpatel/.npm/registry.npmjs.org/hls-parser/.cache.json
37 verbose correctMkdir /Users/samirpatel/.npm correctMkdir not in flight; initializing
38 silly resolveWithNewModule hls-parser@0.4.1 checking installable status
39 silly cache add args [ 'hls-parser@^0.4.1', null ]
40 verbose cache add spec hls-parser@^0.4.1
41 silly cache add parsed spec Result {
41 silly cache add   raw: 'hls-parser@^0.4.1',
41 silly cache add   scope: null,
41 silly cache add   escapedName: 'hls-parser',
41 silly cache add   name: 'hls-parser',
41 silly cache add   rawSpec: '^0.4.1',
41 silly cache add   spec: '>=0.4.1 <0.5.0',
41 silly cache add   type: 'range' }
42 silly addNamed hls-parser@>=0.4.1 <0.5.0
43 verbose addNamed ">=0.4.1 <0.5.0" is a valid semver range for hls-parser
44 silly addNameRange { name: 'hls-parser', range: '>=0.4.1 <0.5.0', hasData: false }
45 silly mapToRegistry name hls-parser
46 silly mapToRegistry using default registry
47 silly mapToRegistry registry https://registry.npmjs.org/
48 silly mapToRegistry data Result {
48 silly mapToRegistry   raw: 'hls-parser',
48 silly mapToRegistry   scope: null,
48 silly mapToRegistry   escapedName: 'hls-parser',
48 silly mapToRegistry   name: 'hls-parser',
48 silly mapToRegistry   rawSpec: '',
48 silly mapToRegistry   spec: 'latest',
48 silly mapToRegistry   type: 'tag' }
49 silly mapToRegistry uri https://registry.npmjs.org/hls-parser
50 verbose addNameRange registry:https://registry.npmjs.org/hls-parser not in flight; fetching
51 verbose get https://registry.npmjs.org/hls-parser not expired, no request
52 silly addNameRange number 2 { name: 'hls-parser', range: '>=0.4.1 <0.5.0', hasData: true }
53 silly addNameRange versions [ 'hls-parser',
53 silly addNameRange   [ '0.1.0',
53 silly addNameRange     '0.1.1',
53 silly addNameRange     '0.1.2',
53 silly addNameRange     '0.1.3',
53 silly addNameRange     '0.1.4',
53 silly addNameRange     '0.1.5',
53 silly addNameRange     '0.1.6',
53 silly addNameRange     '0.1.7',
53 silly addNameRange     '0.1.8',
53 silly addNameRange     '0.2.0',
53 silly addNameRange     '0.2.1',
53 silly addNameRange     '0.2.2',
53 silly addNameRange     '0.2.3',
53 silly addNameRange     '0.2.4',
53 silly addNameRange     '0.2.5',
53 silly addNameRange     '0.3.0',
53 silly addNameRange     '0.4.0',
53 silly addNameRange     '0.4.1' ] ]
54 silly addNamed hls-parser@0.4.1
55 verbose addNamed "0.4.1" is a plain semver version for hls-parser
56 silly cache afterAdd hls-parser@0.4.1
57 verbose afterAdd /Users/samirpatel/.npm/hls-parser/0.4.1/package/package.json not in flight; writing
58 verbose correctMkdir /Users/samirpatel/.npm correctMkdir not in flight; initializing
59 verbose afterAdd /Users/samirpatel/.npm/hls-parser/0.4.1/package/package.json written
60 silly fetchNamedPackageData @types/node
61 silly mapToRegistry name @types/node
62 silly mapToRegistry scope (from package name) @types
63 verbose mapToRegistry no registry URL found in name for scope @types
64 silly mapToRegistry using default registry
65 silly mapToRegistry registry https://registry.npmjs.org/
66 silly mapToRegistry data Result {
66 silly mapToRegistry   raw: '@types/node',
66 silly mapToRegistry   scope: '@types',
66 silly mapToRegistry   escapedName: '@types%2fnode',
66 silly mapToRegistry   name: '@types/node',
66 silly mapToRegistry   rawSpec: '',
66 silly mapToRegistry   spec: 'latest',
66 silly mapToRegistry   type: 'tag' }
67 silly mapToRegistry uri https://registry.npmjs.org/@types%2fnode
68 silly fetchNamedPackageData typescript
69 silly mapToRegistry name typescript
70 silly mapToRegistry using default registry
71 silly mapToRegistry registry https://registry.npmjs.org/
72 silly mapToRegistry data Result {
72 silly mapToRegistry   raw: 'typescript',
72 silly mapToRegistry   scope: null,
72 silly mapToRegistry   escapedName: 'typescript',
72 silly mapToRegistry   name: 'typescript',
72 silly mapToRegistry   rawSpec: '',
72 silly mapToRegistry   spec: 'latest',
72 silly mapToRegistry   type: 'tag' }
73 silly mapToRegistry uri https://registry.npmjs.org/typescript
74 verbose request uri https://registry.npmjs.org/@types%2fnode
75 verbose request no auth needed
76 info attempt registry request try #1 at 12:16:59 PM
77 verbose etag W/"dfa80be596a507c26f1f52b3808bcf6b"
78 verbose lastModified Tue, 09 Jul 2019 23:35:36 GMT
79 http request GET https://registry.npmjs.org/@types%2fnode
80 verbose request uri https://registry.npmjs.org/typescript
81 verbose request no auth needed
82 info attempt registry request try #1 at 12:16:59 PM
83 verbose etag W/"e15607f328efe57f7740e6a1afc75818"
84 verbose lastModified Thu, 11 Jul 2019 06:05:54 GMT
85 http request GET https://registry.npmjs.org/typescript
86 http 304 https://registry.npmjs.org/@types%2fnode
87 verbose headers { date: 'Thu, 11 Jul 2019 17:16:59 GMT',
87 verbose headers   connection: 'keep-alive',
87 verbose headers   'set-cookie': [ '__cfduid=dc18e2c8ee4042b0fd44a34bc5e560e611562865419; expires=Fri, 10-Jul-20 17:16:59 GMT; path=/; domain=.npmjs.org; HttpOnly' ],
87 verbose headers   'cf-cache-status': 'HIT',
87 verbose headers   'cache-control': 'public, max-age=300',
87 verbose headers   'cf-ray': '4f4c6da9fb7257ff-DFW',
87 verbose headers   age: '1048',
87 verbose headers   etag: '"dfa80be596a507c26f1f52b3808bcf6b"',
87 verbose headers   'expect-ct': 'max-age=604800, report-uri="https://report-uri.cloudflare.com/cdn-cgi/beacon/expect-ct"',
87 verbose headers   'last-modified': 'Tue, 09 Jul 2019 23:35:36 GMT',
87 verbose headers   vary: 'Accept-Encoding',
87 verbose headers   'x-amz-meta-rev': '3602-3c560c85565ce338f0bae39f97710df1',
87 verbose headers   server: 'cloudflare' }
88 silly get cb [ 304,
88 silly get   { date: 'Thu, 11 Jul 2019 17:16:59 GMT',
88 silly get     connection: 'keep-alive',
88 silly get     'set-cookie': [ '__cfduid=dc18e2c8ee4042b0fd44a34bc5e560e611562865419; expires=Fri, 10-Jul-20 17:16:59 GMT; path=/; domain=.npmjs.org; HttpOnly' ],
88 silly get     'cf-cache-status': 'HIT',
88 silly get     'cache-control': 'public, max-age=300',
88 silly get     'cf-ray': '4f4c6da9fb7257ff-DFW',
88 silly get     age: '1048',
88 silly get     etag: '"dfa80be596a507c26f1f52b3808bcf6b"',
88 silly get     'expect-ct': 'max-age=604800, report-uri="https://report-uri.cloudflare.com/cdn-cgi/beacon/expect-ct"',
88 silly get     'last-modified': 'Tue, 09 Jul 2019 23:35:36 GMT',
88 silly get     vary: 'Accept-Encoding',
88 silly get     'x-amz-meta-rev': '3602-3c560c85565ce338f0bae39f97710df1',
88 silly get     server: 'cloudflare' } ]
89 verbose etag https://registry.npmjs.org/@types%2fnode from cache
90 verbose get saving @types/node to /Users/samirpatel/.npm/registry.npmjs.org/_40types_252fnode/.cache.json
91 verbose correctMkdir /Users/samirpatel/.npm correctMkdir not in flight; initializing
92 silly fetchNamedPackageData No valid target from cache, forcing network
93 verbose request uri https://registry.npmjs.org/@types%2fnode
94 verbose request no auth needed
95 info attempt registry request try #1 at 12:17:00 PM
96 http request GET https://registry.npmjs.org/@types%2fnode
97 http 304 https://registry.npmjs.org/typescript
98 verbose headers { date: 'Thu, 11 Jul 2019 17:16:59 GMT',
98 verbose headers   connection: 'keep-alive',
98 verbose headers   'set-cookie': [ '__cfduid=ddb56adc309fdb3614fc4572eb34152db1562865419; expires=Fri, 10-Jul-20 17:16:59 GMT; path=/; domain=.npmjs.org; HttpOnly' ],
98 verbose headers   'cf-cache-status': 'HIT',
98 verbose headers   'cache-control': 'max-age=300',
98 verbose headers   'cf-ray': '4f4c6daa8fc7c80a-DFW',
98 verbose headers   age: '3911',
98 verbose headers   etag: '"e15607f328efe57f7740e6a1afc75818"',
98 verbose headers   'expect-ct': 'max-age=604800, report-uri="https://report-uri.cloudflare.com/cdn-cgi/beacon/expect-ct"',
98 verbose headers   'last-modified': 'Thu, 11 Jul 2019 06:05:54 GMT',
98 verbose headers   vary: 'accept-encoding, accept',
98 verbose headers   'x-amz-meta-rev': '1676-ee0234e9fac3228d882db919567d0c23',
98 verbose headers   server: 'cloudflare' }
99 silly get cb [ 304,
99 silly get   { date: 'Thu, 11 Jul 2019 17:16:59 GMT',
99 silly get     connection: 'keep-alive',
99 silly get     'set-cookie': [ '__cfduid=ddb56adc309fdb3614fc4572eb34152db1562865419; expires=Fri, 10-Jul-20 17:16:59 GMT; path=/; domain=.npmjs.org; HttpOnly' ],
99 silly get     'cf-cache-status': 'HIT',
99 silly get     'cache-control': 'max-age=300',
99 silly get     'cf-ray': '4f4c6daa8fc7c80a-DFW',
99 silly get     age: '3911',
99 silly get     etag: '"e15607f328efe57f7740e6a1afc75818"',
99 silly get     'expect-ct': 'max-age=604800, report-uri="https://report-uri.cloudflare.com/cdn-cgi/beacon/expect-ct"',
99 silly get     'last-modified': 'Thu, 11 Jul 2019 06:05:54 GMT',
99 silly get     vary: 'accept-encoding, accept',
99 silly get     'x-amz-meta-rev': '1676-ee0234e9fac3228d882db919567d0c23',
99 silly get     server: 'cloudflare' } ]
100 verbose etag https://registry.npmjs.org/typescript from cache
101 verbose get saving typescript to /Users/samirpatel/.npm/registry.npmjs.org/typescript/.cache.json
102 verbose correctMkdir /Users/samirpatel/.npm correctMkdir not in flight; initializing
103 silly resolveWithNewModule typescript@3.5.3 checking installable status
104 silly cache add args [ 'typescript@^3.5.3', null ]
105 verbose cache add spec typescript@^3.5.3
106 silly cache add parsed spec Result {
106 silly cache add   raw: 'typescript@^3.5.3',
106 silly cache add   scope: null,
106 silly cache add   escapedName: 'typescript',
106 silly cache add   name: 'typescript',
106 silly cache add   rawSpec: '^3.5.3',
106 silly cache add   spec: '>=3.5.3 <4.0.0',
106 silly cache add   type: 'range' }
107 silly addNamed typescript@>=3.5.3 <4.0.0
108 verbose addNamed ">=3.5.3 <4.0.0" is a valid semver range for typescript
109 silly addNameRange { name: 'typescript', range: '>=3.5.3 <4.0.0', hasData: false }
110 silly mapToRegistry name typescript
111 silly mapToRegistry using default registry
112 silly mapToRegistry registry https://registry.npmjs.org/
113 silly mapToRegistry data Result {
113 silly mapToRegistry   raw: 'typescript',
113 silly mapToRegistry   scope: null,
113 silly mapToRegistry   escapedName: 'typescript',
113 silly mapToRegistry   name: 'typescript',
113 silly mapToRegistry   rawSpec: '',
113 silly mapToRegistry   spec: 'latest',
113 silly mapToRegistry   type: 'tag' }
114 silly mapToRegistry uri https://registry.npmjs.org/typescript
115 verbose addNameRange registry:https://registry.npmjs.org/typescript not in flight; fetching
116 verbose get https://registry.npmjs.org/typescript not expired, no request
117 silly addNameRange number 2 { name: 'typescript', range: '>=3.5.3 <4.0.0', hasData: true }
118 silly addNameRange versions [ 'typescript',
118 silly addNameRange   [ '0.8.0',
118 silly addNameRange     '0.8.1',
118 silly addNameRange     '0.8.1-1',
118 silly addNameRange     '0.8.2',
118 silly addNameRange     '0.8.3',
118 silly addNameRange     '0.9.0',
118 silly addNameRange     '0.9.0-1',
118 silly addNameRange     '0.9.1',
118 silly addNameRange     '0.9.1-1',
118 silly addNameRange     '0.9.5',
118 silly addNameRange     '0.9.7',
118 silly addNameRange     '1.0.0',
118 silly addNameRange     '1.0.1',
118 silly addNameRange     '1.1.0-1',
118 silly addNameRange     '1.3.0',
118 silly addNameRange     '1.4.1',
118 silly addNameRange     '1.5.0-alpha',
118 silly addNameRange     '1.5.0-beta',
118 silly addNameRange     '1.5.3',
118 silly addNameRange     '1.6.0-dev.20150722.1',
118 silly addNameRange     '1.6.0-dev.20150723',
118 silly addNameRange     '1.6.0-dev.20150724',
118 silly addNameRange     '1.6.0-dev.20150725',
118 silly addNameRange     '1.6.0-dev.20150726',
118 silly addNameRange     '1.6.0-dev.20150727',
118 silly addNameRange     '1.6.0-dev.20150728',
118 silly addNameRange     '1.6.0-dev.20150729',
118 silly addNameRange     '1.6.0-dev.20150730',
118 silly addNameRange     '1.6.0-dev.20150731',
118 silly addNameRange     '1.6.0-dev.20150801',
118 silly addNameRange     '1.6.0-dev.20150802',
118 silly addNameRange     '1.6.0-dev.20150803',
118 silly addNameRange     '1.6.0-dev.20150804',
118 silly addNameRange     '1.6.0-dev.20150805',
118 silly addNameRange     '1.6.0-dev.20150806',
118 silly addNameRange     '1.6.0-dev.20150807',
118 silly addNameRange     '1.6.0-dev.20150808',
118 silly addNameRange     '1.6.0-dev.20150809',
118 silly addNameRange     '1.6.0-dev.20150810',
118 silly addNameRange     '1.6.0-dev.20150811',
118 silly addNameRange     '1.6.0-dev.20150812',
118 silly addNameRange     '1.6.0-dev.20150813',
118 silly addNameRange     '1.6.0-dev.20150814',
118 silly addNameRange     '1.6.0-dev.20150815',
118 silly addNameRange     '1.6.0-dev.20150816',
118 silly addNameRange     '1.6.0-dev.20150817',
118 silly addNameRange     '1.6.0-dev.20150818',
118 silly addNameRange     '1.6.0-dev.20150819',
118 silly addNameRange     '1.6.0-dev.20150820',
118 silly addNameRange     '1.6.0-dev.20150821',
118 silly addNameRange     '1.6.0-dev.20150822',
118 silly addNameRange     '1.6.0-dev.20150823',
118 silly addNameRange     '1.6.0-dev.20150824',
118 silly addNameRange     '1.6.0-dev.20150825',
118 silly addNameRange     '1.7.0-dev.20150826',
118 silly addNameRange     '1.7.0-dev.20150827',
118 silly addNameRange     '1.7.0-dev.20150828',
118 silly addNameRange     '1.7.0-dev.20150829',
118 silly addNameRange     '1.7.0-dev.20150830',
118 silly addNameRange     '1.7.0-dev.20150831',
118 silly addNameRange     '1.7.0-dev.20150901',
118 silly addNameRange     '1.7.0-dev.20150902',
118 silly addNameRange     '1.6.0-beta',
118 silly addNameRange     '1.7.0-dev.20150903',
118 silly addNameRange     '1.7.0-dev.20150904',
118 silly addNameRange     '1.6.0-dev.20150905',
118 silly addNameRange     '1.6.0-dev.20150906',
118 silly addNameRange     '1.6.0-dev.20150907',
118 silly addNameRange     '1.6.0-dev.20150908',
118 silly addNameRange     '1.6.0-dev.20150909',
118 silly addNameRange     '1.6.0-dev.20150910',
118 silly addNameRange     '1.6.0-dev.20150911',
118 silly addNameRange     '1.6.0-dev.20150912',
118 silly addNameRange     '1.6.0-dev.20150913',
118 silly addNameRange     '1.6.0-dev.20150914',
118 silly addNameRange     '1.6.0-dev.20150915',
118 silly addNameRange     '1.7.0-dev.20150916',
118 silly addNameRange     '1.6.2',
118 silly addNameRange     '1.7.0-dev.20150917',
118 silly addNameRange     '1.7.0-dev.20150918',
118 silly addNameRange     '1.7.0-dev.20150919',
118 silly addNameRange     '1.7.0-dev.20150920',
118 silly addNameRange     '1.7.0-dev.20150921',
118 silly addNameRange     '1.7.0-dev.20150922',
118 silly addNameRange     '1.7.0-dev.20150923',
118 silly addNameRange     '1.7.0-dev.20150924',
118 silly addNameRange     '1.7.0-dev.20150925',
118 silly addNameRange     '1.7.0-dev.20150926',
118 silly addNameRange     '1.7.0-dev.20150927',
118 silly addNameRange     '1.7.0-dev.20150928',
118 silly addNameRange     '1.7.0-dev.20150929',
118 silly addNameRange     '1.7.0-dev.20150930',
118 silly addNameRange     '1.7.0-dev.20151001',
118 silly addNameRange     '1.7.0-dev.20151002',
118 silly addNameRange     '1.7.0-dev.20151003',
118 silly addNameRange     '1.7.0-dev.20151004',
118 silly addNameRange     '1.7.0-dev.20151005',
118 silly addNameRange     '1.7.0-dev.20151006',
118 silly addNameRange     '1.7.0-dev.20151014',
118 silly addNameRange     '1.7.0-dev.20151015',
118 silly addNameRange     ... 1225 more items ] ]
119 silly addNamed typescript@3.5.3
120 verbose addNamed "3.5.3" is a plain semver version for typescript
121 silly cache afterAdd typescript@3.5.3
122 verbose afterAdd /Users/samirpatel/.npm/typescript/3.5.3/package/package.json not in flight; writing
123 verbose correctMkdir /Users/samirpatel/.npm correctMkdir not in flight; initializing
124 verbose afterAdd /Users/samirpatel/.npm/typescript/3.5.3/package/package.json written
125 http 200 https://registry.npmjs.org/@types%2fnode
126 verbose headers { date: 'Thu, 11 Jul 2019 17:17:00 GMT',
126 verbose headers   'content-type': 'application/json',
126 verbose headers   'transfer-encoding': 'chunked',
126 verbose headers   connection: 'keep-alive',
126 verbose headers   'set-cookie': [ '__cfduid=d7a7a7e28aac6461f884c939b30f7a6fc1562865420; expires=Fri, 10-Jul-20 17:17:00 GMT; path=/; domain=.npmjs.org; HttpOnly' ],
126 verbose headers   'cf-cache-status': 'HIT',
126 verbose headers   'cache-control': 'public, max-age=300',
126 verbose headers   'cf-ray': '4f4c6dab3c5057ff-DFW',
126 verbose headers   age: '1049',
126 verbose headers   etag: 'W/"dfa80be596a507c26f1f52b3808bcf6b"',
126 verbose headers   'expect-ct': 'max-age=604800, report-uri="https://report-uri.cloudflare.com/cdn-cgi/beacon/expect-ct"',
126 verbose headers   'last-modified': 'Tue, 09 Jul 2019 23:35:36 GMT',
126 verbose headers   vary: 'Accept-Encoding',
126 verbose headers   'x-amz-meta-rev': '3602-3c560c85565ce338f0bae39f97710df1',
126 verbose headers   server: 'cloudflare',
126 verbose headers   'content-encoding': 'gzip' }
127 silly get cb [ 200,
127 silly get   { date: 'Thu, 11 Jul 2019 17:17:00 GMT',
127 silly get     'content-type': 'application/json',
127 silly get     'transfer-encoding': 'chunked',
127 silly get     connection: 'keep-alive',
127 silly get     'set-cookie': [ '__cfduid=d7a7a7e28aac6461f884c939b30f7a6fc1562865420; expires=Fri, 10-Jul-20 17:17:00 GMT; path=/; domain=.npmjs.org; HttpOnly' ],
127 silly get     'cf-cache-status': 'HIT',
127 silly get     'cache-control': 'public, max-age=300',
127 silly get     'cf-ray': '4f4c6dab3c5057ff-DFW',
127 silly get     age: '1049',
127 silly get     etag: 'W/"dfa80be596a507c26f1f52b3808bcf6b"',
127 silly get     'expect-ct': 'max-age=604800, report-uri="https://report-uri.cloudflare.com/cdn-cgi/beacon/expect-ct"',
127 silly get     'last-modified': 'Tue, 09 Jul 2019 23:35:36 GMT',
127 silly get     vary: 'Accept-Encoding',
127 silly get     'x-amz-meta-rev': '3602-3c560c85565ce338f0bae39f97710df1',
127 silly get     server: 'cloudflare',
127 silly get     'content-encoding': 'gzip' } ]
128 verbose get saving @types/node to /Users/samirpatel/.npm/registry.npmjs.org/_40types_252fnode/.cache.json
129 verbose correctMkdir /Users/samirpatel/.npm correctMkdir not in flight; initializing
130 silly fetchPackageMetaData Error: No compatible version found: @types/node@^10.16.0
130 silly fetchPackageMetaData Valid install targets:
130 silly fetchPackageMetaData 12.6.2, 12.6.1, 12.6.0, 12.0.12, 12.0.11, 12.0.10, 12.0.9, 12.0.8, 12.0.7, 12.0.6, 12.0.5, 12.0.4, 12.0.3, 12.0.2, 12.0.1, 12.0.0, 11.13.17, 11.13.16, 11.13.15, 11.13.14, 11.13.13, 11.13.12, 11.13.11, 11.13.10, 11.13.9, 11.13.8, 11.13.7, 11.13.6, 11.13.5, 11.13.4, 11.13.3, 11.13.2, 11.13.1, 11.13.0, 11.12.4, 11.12.3, 11.12.2, 11.12.1, 11.12.0, 11.11.8, 11.11.7, 11.11.6, 11.11.5, 11.11.4, 11.11.3, 11.11.2, 11.11.1, 11.11.0, 11.10.6, 11.10.5, 11.10.4, 11.10.3, 11.10.2, 11.10.1, 11.10.0, 11.9.6, 11.9.5, 11.9.4, 11.9.3, 11.9.2, 11.9.1, 11.9.0, 10.14.12, 10.14.11, 10.14.10, 10.14.9, 10.14.8, 10.14.7, 10.14.6, 10.14.5, 10.14.4, 10.14.3, 10.14.2, 10.14.1, 10.14.0, 10.12.30, 10.12.29, 10.12.28, 10.12.27, 10.12.26, 10.12.25, 10.12.24, 10.12.23, 10.12.22, 10.12.21, 10.12.20, 10.12.19, 10.12.18, 10.12.17, 10.12.16, 10.12.15, 10.12.14, 10.12.13, 10.12.12, 10.12.11, 10.12.10, 10.12.9, 10.12.8, 10.12.7, 10.12.6, 10.12.5, 10.12.4, 10.12.3, 10.12.2, 10.12.1, 10.12.0, 10.11.7, 10.11.6, 10.11.5, 10.11.4, 10.11.3, 10.11.2, 10.11.1, 10.11.0, 10.10.3, 10.10.2, 10.10.1, 10.10.0, 10.9.4, 10.9.3, 10.9.2, 10.9.1, 10.9.0, 10.7.2, 10.7.1, 10.7.0, 10.5.8, 10.5.7, 10.5.6, 10.5.5, 10.5.4, 10.5.3, 10.5.2, 10.5.1, 10.5.0, 10.3.6, 10.3.5, 10.3.4, 10.3.3, 10.3.2, 10.3.1, 10.3.0, 10.1.4, 10.1.3, 10.1.2, 10.1.1, 10.1.0, 10.0.10, 10.0.9, 10.0.8, 10.0.7, 10.0.6, 10.0.5, 10.0.4, 10.0.3, 10.0.2, 10.0.1, 10.0.0, 9.6.49, 9.6.48, 9.6.47, 9.6.46, 9.6.45, 9.6.44, 9.6.43, 9.6.42, 9.6.41, 9.6.40, 9.6.39, 9.6.38, 9.6.37, 9.6.36, 9.6.35, 9.6.34, 9.6.33, 9.6.32, 9.6.31, 9.6.30, 9.6.29, 9.6.28, 9.6.27, 9.6.26, 9.6.25, 9.6.24, 9.6.23, 9.6.22, 9.6.21, 9.6.20, 9.6.19, 9.6.18, 9.6.17, 9.6.16, 9.6.15, 9.6.14, 9.6.13, 9.6.12, 9.6.11, 9.6.10, 9.6.9, 9.6.8, 9.6.7, 9.6.6, 9.6.5, 9.6.4, 9.6.3, 9.6.2, 9.6.1, 9.6.0, 9.4.7, 9.4.6, 9.4.5, 9.4.4, 9.4.3, 9.4.2, 9.4.1, 9.4.0, 9.3.0, 8.10.50, 8.10.49, 8.10.48, 8.10.47, 8.10.46, 8.10.45, 8.10.44, 8.10.43, 8.10.42, 8.10.41, 8.10.40, 8.10.39, 8.10.38, 8.10.37, 8.10.36, 8.10.35, 8.10.34, 8.10.33, 8.10.32, 8.10.31, 8.10.30, 8.10.29, 8.10.28, 8.10.27, 8.10.26, 8.10.25, 8.10.24, 8.10.23, 8.10.22, 8.10.21, 8.10.20, 8.10.19, 8.10.18, 8.10.17, 8.10.16, 8.10.15, 8.10.14, 8.10.13, 8.10.12, 8.10.11, 8.10.10, 8.10.9, 8.10.8, 8.10.7, 8.10.6, 8.10.5, 8.10.4, 8.10.3, 8.10.2, 8.10.1, 8.10.0, 8.9.5, 8.9.4, 8.9.3, 8.9.2, 8.9.1, 8.9.0, 8.5.10, 8.5.9, 8.5.8, 8.5.7, 8.5.6, 8.5.5, 8.5.4, 8.5.3, 8.5.2, 8.5.1, 8.5.0, 8.0.58, 8.0.57, 8.0.56, 8.0.55, 8.0.54, 8.0.53, 8.0.52, 8.0.51, 8.0.50, 8.0.49, 8.0.48, 8.0.47, 8.0.46, 8.0.45, 8.0.44, 8.0.43, 8.0.42, 8.0.41, 8.0.40, 8.0.39, 8.0.38, 8.0.37, 8.0.36, 8.0.35, 8.0.34, 8.0.33, 8.0.32, 8.0.31, 8.0.30, 8.0.29, 8.0.28, 8.0.27, 8.0.26, 8.0.25, 8.0.24, 8.0.23, 8.0.22, 8.0.21, 8.0.20, 8.0.19, 8.0.18, 8.0.17, 8.0.16, 8.0.15, 8.0.14, 8.0.13, 8.0.12, 8.0.11, 8.0.10, 8.0.9, 8.0.8, 8.0.7, 8.0.6, 8.0.5, 8.0.4, 8.0.3, 8.0.2, 8.0.1, 8.0.0, 7.10.6, 7.10.5, 7.10.4, 7.10.3, 7.10.2, 7.10.1, 7.10.0, 7.0.71, 7.0.70, 7.0.69, 7.0.68, 7.0.67, 7.0.66, 7.0.65, 7.0.64, 7.0.63, 7.0.62, 7.0.61, 7.0.60, 7.0.59, 7.0.58, 7.0.57, 7.0.56, 7.0.55, 7.0.54, 7.0.53, 7.0.52, 7.0.51, 7.0.50, 7.0.49, 7.0.48, 7.0.47, 7.0.46, 7.0.45, 7.0.44, 7.0.43, 7.0.42, 7.0.41, 7.0.40, 7.0.39, 7.0.38, 7.0.37, 7.0.36, 7.0.35, 7.0.34, 7.0.33, 7.0.32, 7.0.31, 7.0.30, 7.0.29, 7.0.28, 7.0.27, 7.0.26, 7.0.25, 7.0.24, 7.0.23, 7.0.22, 7.0.21, 7.0.20, 7.0.19, 7.0.18, 7.0.17, 7.0.16, 7.0.15, 7.0.14, 7.0.13, 7.0.12, 7.0.11, 7.0.10, 7.0.9, 7.0.8, 7.0.7, 7.0.6, 7.0.5, 7.0.4, 7.0.3, 7.0.2, 7.0.1, 7.0.0, 6.14.6, 6.14.5, 6.14.4, 6.14.3, 6.14.2, 6.14.1, 6.14.0, 6.0.118, 6.0.117, 6.0.116, 6.0.115, 6.0.114, 6.0.113, 6.0.112, 6.0.111, 6.0.110, 6.0.109, 6.0.108, 6.0.107, 6.0.106, 6.0.105, 6.0.104, 6.0.103, 6.0.102, 6.0.101, 6.0.100, 6.0.99, 6.0.98, 6.0.97, 6.0.96, 6.0.95, 6.0.94, 6.0.93, 6.0.92, 6.0.91, 6.0.90, 6.0.89, 6.0.88, 6.0.87, 6.0.86, 6.0.85, 6.0.84, 6.0.83, 6.0.82, 6.0.81, 6.0.80, 6.0.79, 6.0.78, 6.0.77, 6.0.76, 6.0.75, 6.0.74, 6.0.73, 6.0.72, 6.0.71, 6.0.70, 6.0.69, 6.0.68, 6.0.67, 6.0.66, 6.0.65, 6.0.64, 6.0.63, 6.0.62, 6.0.61, 6.0.60, 6.0.59, 6.0.58, 6.0.57, 6.0.56, 6.0.55, 6.0.54, 6.0.53, 6.0.52, 6.0.51, 6.0.50, 6.0.49, 6.0.48, 6.0.47, 6.0.46, 6.0.45, 6.0.44, 6.0.43, 6.0.42, 6.0.41, 6.0.40, 6.0.39, 6.0.38, 6.0.37, 6.0.36, 6.0.35, 6.0.34, 6.0.33, 6.0.32, 6.0.31, 4.9.3, 4.9.2, 4.9.1, 4.9.0, 4.2.23, 4.2.22, 4.2.21, 4.2.20, 4.2.19, 4.2.18, 4.2.17, 4.2.16, 4.2.15, 4.2.14, 4.2.13, 4.2.12, 4.2.11, 4.2.10, 4.2.9, 4.2.8, 4.2.7, 4.2.6, 4.2.5, 4.2.4, 4.2.3, 4.2.2, 4.2.1, 4.2.0, 4.0.48, 4.0.47, 4.0.46, 4.0.45, 4.0.44, 4.0.43, 4.0.42, 4.0.41, 4.0.40, 4.0.39, 4.0.38, 4.0.37, 4.0.36, 4.0.35, 4.0.34, 4.0.33, 4.0.32, 4.0.31, 4.0.30, 4.0.29, 4.0.28-alpha, 4.0.27-alpha, 4.0.26-alpha, 4.0.25-alpha, 4.0.24-alpha, 4.0.23-alpha, 4.0.22-alpha, 4.0.21-alpha, 4.0.16-alpha, 4.0.15-alpha, 0.12.23, 0.12.22, 0.12.21, 0.12.20, 0.12.19, 0.12.18, 0.12.17, 0.12.16, 0.12.15, 0.12.14, 0.12.13, 0.12.12, 0.12.11, 0.12.10, 0.12.9, 0.12.8, 0.12.7, 0.12.6, 0.12.5, 0.12.4, 0.12.3, 0.12.2, 0.12.1, 0.12.0, 0.0.3, 0.0.2, 0.0.1, 0.0.0
130 silly fetchPackageMetaData
130 silly fetchPackageMetaData     at pickVersionFromRegistryDocument (/Users/samirpatel/.nvm/versions/node/v6.10.2/lib/node_modules/npm/lib/fetch-package-metadata.js:178:16)
130 silly fetchPackageMetaData     at /Users/samirpatel/.nvm/versions/node/v6.10.2/lib/node_modules/npm/node_modules/iferr/index.js:13:50
130 silly fetchPackageMetaData     at /Users/samirpatel/.nvm/versions/node/v6.10.2/lib/node_modules/npm/lib/utils/pulse-till-done.js:20:8
130 silly fetchPackageMetaData     at saved (/Users/samirpatel/.nvm/versions/node/v6.10.2/lib/node_modules/npm/lib/cache/caching-client.js:174:7)
130 silly fetchPackageMetaData     at /Users/samirpatel/.nvm/versions/node/v6.10.2/lib/node_modules/npm/node_modules/graceful-fs/polyfills.js:241:18
130 silly fetchPackageMetaData     at FSReqWrap.oncomplete (fs.js:123:15)
130 silly fetchPackageMetaData  error for @types/node@^10.16.0 { Error: No compatible version found: @types/node@^10.16.0
130 silly fetchPackageMetaData Valid install targets:
130 silly fetchPackageMetaData 12.6.2, 12.6.1, 12.6.0, 12.0.12, 12.0.11, 12.0.10, 12.0.9, 12.0.8, 12.0.7, 12.0.6, 12.0.5, 12.0.4, 12.0.3, 12.0.2, 12.0.1, 12.0.0, 11.13.17, 11.13.16, 11.13.15, 11.13.14, 11.13.13, 11.13.12, 11.13.11, 11.13.10, 11.13.9, 11.13.8, 11.13.7, 11.13.6, 11.13.5, 11.13.4, 11.13.3, 11.13.2, 11.13.1, 11.13.0, 11.12.4, 11.12.3, 11.12.2, 11.12.1, 11.12.0, 11.11.8, 11.11.7, 11.11.6, 11.11.5, 11.11.4, 11.11.3, 11.11.2, 11.11.1, 11.11.0, 11.10.6, 11.10.5, 11.10.4, 11.10.3, 11.10.2, 11.10.1, 11.10.0, 11.9.6, 11.9.5, 11.9.4, 11.9.3, 11.9.2, 11.9.1, 11.9.0, 10.14.12, 10.14.11, 10.14.10, 10.14.9, 10.14.8, 10.14.7, 10.14.6, 10.14.5, 10.14.4, 10.14.3, 10.14.2, 10.14.1, 10.14.0, 10.12.30, 10.12.29, 10.12.28, 10.12.27, 10.12.26, 10.12.25, 10.12.24, 10.12.23, 10.12.22, 10.12.21, 10.12.20, 10.12.19, 10.12.18, 10.12.17, 10.12.16, 10.12.15, 10.12.14, 10.12.13, 10.12.12, 10.12.11, 10.12.10, 10.12.9, 10.12.8, 10.12.7, 10.12.6, 10.12.5, 10.12.4, 10.12.3, 10.12.2, 10.12.1, 10.12.0, 10.11.7, 10.11.6, 10.11.5, 10.11.4, 10.11.3, 10.11.2, 10.11.1, 10.11.0, 10.10.3, 10.10.2, 10.10.1, 10.10.0, 10.9.4, 10.9.3, 10.9.2, 10.9.1, 10.9.0, 10.7.2, 10.7.1, 10.7.0, 10.5.8, 10.5.7, 10.5.6, 10.5.5, 10.5.4, 10.5.3, 10.5.2, 10.5.1, 10.5.0, 10.3.6, 10.3.5, 10.3.4, 10.3.3, 10.3.2, 10.3.1, 10.3.0, 10.1.4, 10.1.3, 10.1.2, 10.1.1, 10.1.0, 10.0.10, 10.0.9, 10.0.8, 10.0.7, 10.0.6, 10.0.5, 10.0.4, 10.0.3, 10.0.2, 10.0.1, 10.0.0, 9.6.49, 9.6.48, 9.6.47, 9.6.46, 9.6.45, 9.6.44, 9.6.43, 9.6.42, 9.6.41, 9.6.40, 9.6.39, 9.6.38, 9.6.37, 9.6.36, 9.6.35, 9.6.34, 9.6.33, 9.6.32, 9.6.31, 9.6.30, 9.6.29, 9.6.28, 9.6.27, 9.6.26, 9.6.25, 9.6.24, 9.6.23, 9.6.22, 9.6.21, 9.6.20, 9.6.19, 9.6.18, 9.6.17, 9.6.16, 9.6.15, 9.6.14, 9.6.13, 9.6.12, 9.6.11, 9.6.10, 9.6.9, 9.6.8, 9.6.7, 9.6.6, 9.6.5, 9.6.4, 9.6.3, 9.6.2, 9.6.1, 9.6.0, 9.4.7, 9.4.6, 9.4.5, 9.4.4, 9.4.3, 9.4.2, 9.4.1, 9.4.0, 9.3.0, 8.10.50, 8.10.49, 8.10.48, 8.10.47, 8.10.46, 8.10.45, 8.10.44, 8.10.43, 8.10.42, 8.10.41, 8.10.40, 8.10.39, 8.10.38, 8.10.37, 8.10.36, 8.10.35, 8.10.34, 8.10.33, 8.10.32, 8.10.31, 8.10.30, 8.10.29, 8.10.28, 8.10.27, 8.10.26, 8.10.25, 8.10.24, 8.10.23, 8.10.22, 8.10.21, 8.10.20, 8.10.19, 8.10.18, 8.10.17, 8.10.16, 8.10.15, 8.10.14, 8.10.13, 8.10.12, 8.10.11, 8.10.10, 8.10.9, 8.10.8, 8.10.7, 8.10.6, 8.10.5, 8.10.4, 8.10.3, 8.10.2, 8.10.1, 8.10.0, 8.9.5, 8.9.4, 8.9.3, 8.9.2, 8.9.1, 8.9.0, 8.5.10, 8.5.9, 8.5.8, 8.5.7, 8.5.6, 8.5.5, 8.5.4, 8.5.3, 8.5.2, 8.5.1, 8.5.0, 8.0.58, 8.0.57, 8.0.56, 8.0.55, 8.0.54, 8.0.53, 8.0.52, 8.0.51, 8.0.50, 8.0.49, 8.0.48, 8.0.47, 8.0.46, 8.0.45, 8.0.44, 8.0.43, 8.0.42, 8.0.41, 8.0.40, 8.0.39, 8.0.38, 8.0.37, 8.0.36, 8.0.35, 8.0.34, 8.0.33, 8.0.32, 8.0.31, 8.0.30, 8.0.29, 8.0.28, 8.0.27, 8.0.26, 8.0.25, 8.0.24, 8.0.23, 8.0.22, 8.0.21, 8.0.20, 8.0.19, 8.0.18, 8.0.17, 8.0.16, 8.0.15, 8.0.14, 8.0.13, 8.0.12, 8.0.11, 8.0.10, 8.0.9, 8.0.8, 8.0.7, 8.0.6, 8.0.5, 8.0.4, 8.0.3, 8.0.2, 8.0.1, 8.0.0, 7.10.6, 7.10.5, 7.10.4, 7.10.3, 7.10.2, 7.10.1, 7.10.0, 7.0.71, 7.0.70, 7.0.69, 7.0.68, 7.0.67, 7.0.66, 7.0.65, 7.0.64, 7.0.63, 7.0.62, 7.0.61, 7.0.60, 7.0.59, 7.0.58, 7.0.57, 7.0.56, 7.0.55, 7.0.54, 7.0.53, 7.0.52, 7.0.51, 7.0.50, 7.0.49, 7.0.48, 7.0.47, 7.0.46, 7.0.45, 7.0.44, 7.0.43, 7.0.42, 7.0.41, 7.0.40, 7.0.39, 7.0.38, 7.0.37, 7.0.36, 7.0.35, 7.0.34, 7.0.33, 7.0.32, 7.0.31, 7.0.30, 7.0.29, 7.0.28, 7.0.27, 7.0.26, 7.0.25, 7.0.24, 7.0.23, 7.0.22, 7.0.21, 7.0.20, 7.0.19, 7.0.18, 7.0.17, 7.0.16, 7.0.15, 7.0.14, 7.0.13, 7.0.12, 7.0.11, 7.0.10, 7.0.9, 7.0.8, 7.0.7, 7.0.6, 7.0.5, 7.0.4, 7.0.3, 7.0.2, 7.0.1, 7.0.0, 6.14.6, 6.14.5, 6.14.4, 6.14.3, 6.14.2, 6.14.1, 6.14.0, 6.0.118, 6.0.117, 6.0.116, 6.0.115, 6.0.114, 6.0.113, 6.0.112, 6.0.111, 6.0.110, 6.0.109, 6.0.108, 6.0.107, 6.0.106, 6.0.105, 6.0.104, 6.0.103, 6.0.102, 6.0.101, 6.0.100, 6.0.99, 6.0.98, 6.0.97, 6.0.96, 6.0.95, 6.0.94, 6.0.93, 6.0.92, 6.0.91, 6.0.90, 6.0.89, 6.0.88, 6.0.87, 6.0.86, 6.0.85, 6.0.84, 6.0.83, 6.0.82, 6.0.81, 6.0.80, 6.0.79, 6.0.78, 6.0.77, 6.0.76, 6.0.75, 6.0.74, 6.0.73, 6.0.72, 6.0.71, 6.0.70, 6.0.69, 6.0.68, 6.0.67, 6.0.66, 6.0.65, 6.0.64, 6.0.63, 6.0.62, 6.0.61, 6.0.60, 6.0.59, 6.0.58, 6.0.57, 6.0.56, 6.0.55, 6.0.54, 6.0.53, 6.0.52, 6.0.51, 6.0.50, 6.0.49, 6.0.48, 6.0.47, 6.0.46, 6.0.45, 6.0.44, 6.0.43, 6.0.42, 6.0.41, 6.0.40, 6.0.39, 6.0.38, 6.0.37, 6.0.36, 6.0.35, 6.0.34, 6.0.33, 6.0.32, 6.0.31, 4.9.3, 4.9.2, 4.9.1, 4.9.0, 4.2.23, 4.2.22, 4.2.21, 4.2.20, 4.2.19, 4.2.18, 4.2.17, 4.2.16, 4.2.15, 4.2.14, 4.2.13, 4.2.12, 4.2.11, 4.2.10, 4.2.9, 4.2.8, 4.2.7, 4.2.6, 4.2.5, 4.2.4, 4.2.3, 4.2.2, 4.2.1, 4.2.0, 4.0.48, 4.0.47, 4.0.46, 4.0.45, 4.0.44, 4.0.43, 4.0.42, 4.0.41, 4.0.40, 4.0.39, 4.0.38, 4.0.37, 4.0.36, 4.0.35, 4.0.34, 4.0.33, 4.0.32, 4.0.31, 4.0.30, 4.0.29, 4.0.28-alpha, 4.0.27-alpha, 4.0.26-alpha, 4.0.25-alpha, 4.0.24-alpha, 4.0.23-alpha, 4.0.22-alpha, 4.0.21-alpha, 4.0.16-alpha, 4.0.15-alpha, 0.12.23, 0.12.22, 0.12.21, 0.12.20, 0.12.19, 0.12.18, 0.12.17, 0.12.16, 0.12.15, 0.12.14, 0.12.13, 0.12.12, 0.12.11, 0.12.10, 0.12.9, 0.12.8, 0.12.7, 0.12.6, 0.12.5, 0.12.4, 0.12.3, 0.12.2, 0.12.1, 0.12.0, 0.0.3, 0.0.2, 0.0.1, 0.0.0
130 silly fetchPackageMetaData
130 silly fetchPackageMetaData     at pickVersionFromRegistryDocument (/Users/samirpatel/.nvm/versions/node/v6.10.2/lib/node_modules/npm/lib/fetch-package-metadata.js:178:16)
130 silly fetchPackageMetaData     at /Users/samirpatel/.nvm/versions/node/v6.10.2/lib/node_modules/npm/node_modules/iferr/index.js:13:50
130 silly fetchPackageMetaData     at /Users/samirpatel/.nvm/versions/node/v6.10.2/lib/node_modules/npm/lib/utils/pulse-till-done.js:20:8
130 silly fetchPackageMetaData     at saved (/Users/samirpatel/.nvm/versions/node/v6.10.2/lib/node_modules/npm/lib/cache/caching-client.js:174:7)
130 silly fetchPackageMetaData     at /Users/samirpatel/.nvm/versions/node/v6.10.2/lib/node_modules/npm/node_modules/graceful-fs/polyfills.js:241:18
130 silly fetchPackageMetaData     at FSReqWrap.oncomplete (fs.js:123:15) code: 'ETARGET' }
131 silly rollbackFailedOptional Starting
132 silly rollbackFailedOptional Finishing
133 silly runTopLevelLifecycles Finishing
134 silly install printInstalled
135 verbose stack Error: No compatible version found: @types/node@^10.16.0
135 verbose stack Valid install targets:
135 verbose stack 12.6.2, 12.6.1, 12.6.0, 12.0.12, 12.0.11, 12.0.10, 12.0.9, 12.0.8, 12.0.7, 12.0.6, 12.0.5, 12.0.4, 12.0.3, 12.0.2, 12.0.1, 12.0.0, 11.13.17, 11.13.16, 11.13.15, 11.13.14, 11.13.13, 11.13.12, 11.13.11, 11.13.10, 11.13.9, 11.13.8, 11.13.7, 11.13.6, 11.13.5, 11.13.4, 11.13.3, 11.13.2, 11.13.1, 11.13.0, 11.12.4, 11.12.3, 11.12.2, 11.12.1, 11.12.0, 11.11.8, 11.11.7, 11.11.6, 11.11.5, 11.11.4, 11.11.3, 11.11.2, 11.11.1, 11.11.0, 11.10.6, 11.10.5, 11.10.4, 11.10.3, 11.10.2, 11.10.1, 11.10.0, 11.9.6, 11.9.5, 11.9.4, 11.9.3, 11.9.2, 11.9.1, 11.9.0, 10.14.12, 10.14.11, 10.14.10, 10.14.9, 10.14.8, 10.14.7, 10.14.6, 10.14.5, 10.14.4, 10.14.3, 10.14.2, 10.14.1, 10.14.0, 10.12.30, 10.12.29, 10.12.28, 10.12.27, 10.12.26, 10.12.25, 10.12.24, 10.12.23, 10.12.22, 10.12.21, 10.12.20, 10.12.19, 10.12.18, 10.12.17, 10.12.16, 10.12.15, 10.12.14, 10.12.13, 10.12.12, 10.12.11, 10.12.10, 10.12.9, 10.12.8, 10.12.7, 10.12.6, 10.12.5, 10.12.4, 10.12.3, 10.12.2, 10.12.1, 10.12.0, 10.11.7, 10.11.6, 10.11.5, 10.11.4, 10.11.3, 10.11.2, 10.11.1, 10.11.0, 10.10.3, 10.10.2, 10.10.1, 10.10.0, 10.9.4, 10.9.3, 10.9.2, 10.9.1, 10.9.0, 10.7.2, 10.7.1, 10.7.0, 10.5.8, 10.5.7, 10.5.6, 10.5.5, 10.5.4, 10.5.3, 10.5.2, 10.5.1, 10.5.0, 10.3.6, 10.3.5, 10.3.4, 10.3.3, 10.3.2, 10.3.1, 10.3.0, 10.1.4, 10.1.3, 10.1.2, 10.1.1, 10.1.0, 10.0.10, 10.0.9, 10.0.8, 10.0.7, 10.0.6, 10.0.5, 10.0.4, 10.0.3, 10.0.2, 10.0.1, 10.0.0, 9.6.49, 9.6.48, 9.6.47, 9.6.46, 9.6.45, 9.6.44, 9.6.43, 9.6.42, 9.6.41, 9.6.40, 9.6.39, 9.6.38, 9.6.37, 9.6.36, 9.6.35, 9.6.34, 9.6.33, 9.6.32, 9.6.31, 9.6.30, 9.6.29, 9.6.28, 9.6.27, 9.6.26, 9.6.25, 9.6.24, 9.6.23, 9.6.22, 9.6.21, 9.6.20, 9.6.19, 9.6.18, 9.6.17, 9.6.16, 9.6.15, 9.6.14, 9.6.13, 9.6.12, 9.6.11, 9.6.10, 9.6.9, 9.6.8, 9.6.7, 9.6.6, 9.6.5, 9.6.4, 9.6.3, 9.6.2, 9.6.1, 9.6.0, 9.4.7, 9.4.6, 9.4.5, 9.4.4, 9.4.3, 9.4.2, 9.4.1, 9.4.0, 9.3.0, 8.10.50, 8.10.49, 8.10.48, 8.10.47, 8.10.46, 8.10.45, 8.10.44, 8.10.43, 8.10.42, 8.10.41, 8.10.40, 8.10.39, 8.10.38, 8.10.37, 8.10.36, 8.10.35, 8.10.34, 8.10.33, 8.10.32, 8.10.31, 8.10.30, 8.10.29, 8.10.28, 8.10.27, 8.10.26, 8.10.25, 8.10.24, 8.10.23, 8.10.22, 8.10.21, 8.10.20, 8.10.19, 8.10.18, 8.10.17, 8.10.16, 8.10.15, 8.10.14, 8.10.13, 8.10.12, 8.10.11, 8.10.10, 8.10.9, 8.10.8, 8.10.7, 8.10.6, 8.10.5, 8.10.4, 8.10.3, 8.10.2, 8.10.1, 8.10.0, 8.9.5, 8.9.4, 8.9.3, 8.9.2, 8.9.1, 8.9.0, 8.5.10, 8.5.9, 8.5.8, 8.5.7, 8.5.6, 8.5.5, 8.5.4, 8.5.3, 8.5.2, 8.5.1, 8.5.0, 8.0.58, 8.0.57, 8.0.56, 8.0.55, 8.0.54, 8.0.53, 8.0.52, 8.0.51, 8.0.50, 8.0.49, 8.0.48, 8.0.47, 8.0.46, 8.0.45, 8.0.44, 8.0.43, 8.0.42, 8.0.41, 8.0.40, 8.0.39, 8.0.38, 8.0.37, 8.0.36, 8.0.35, 8.0.34, 8.0.33, 8.0.32, 8.0.31, 8.0.30, 8.0.29, 8.0.28, 8.0.27, 8.0.26, 8.0.25, 8.0.24, 8.0.23, 8.0.22, 8.0.21, 8.0.20, 8.0.19, 8.0.18, 8.0.17, 8.0.16, 8.0.15, 8.0.14, 8.0.13, 8.0.12, 8.0.11, 8.0.10, 8.0.9, 8.0.8, 8.0.7, 8.0.6, 8.0.5, 8.0.4, 8.0.3, 8.0.2, 8.0.1, 8.0.0, 7.10.6, 7.10.5, 7.10.4, 7.10.3, 7.10.2, 7.10.1, 7.10.0, 7.0.71, 7.0.70, 7.0.69, 7.0.68, 7.0.67, 7.0.66, 7.0.65, 7.0.64, 7.0.63, 7.0.62, 7.0.61, 7.0.60, 7.0.59, 7.0.58, 7.0.57, 7.0.56, 7.0.55, 7.0.54, 7.0.53, 7.0.52, 7.0.51, 7.0.50, 7.0.49, 7.0.48, 7.0.47, 7.0.46, 7.0.45, 7.0.44, 7.0.43, 7.0.42, 7.0.41, 7.0.40, 7.0.39, 7.0.38, 7.0.37, 7.0.36, 7.0.35, 7.0.34, 7.0.33, 7.0.32, 7.0.31, 7.0.30, 7.0.29, 7.0.28, 7.0.27, 7.0.26, 7.0.25, 7.0.24, 7.0.23, 7.0.22, 7.0.21, 7.0.20, 7.0.19, 7.0.18, 7.0.17, 7.0.16, 7.0.15, 7.0.14, 7.0.13, 7.0.12, 7.0.11, 7.0.10, 7.0.9, 7.0.8, 7.0.7, 7.0.6, 7.0.5, 7.0.4, 7.0.3, 7.0.2, 7.0.1, 7.0.0, 6.14.6, 6.14.5, 6.14.4, 6.14.3, 6.14.2, 6.14.1, 6.14.0, 6.0.118, 6.0.117, 6.0.116, 6.0.115, 6.0.114, 6.0.113, 6.0.112, 6.0.111, 6.0.110, 6.0.109, 6.0.108, 6.0.107, 6.0.106, 6.0.105, 6.0.104, 6.0.103, 6.0.102, 6.0.101, 6.0.100, 6.0.99, 6.0.98, 6.0.97, 6.0.96, 6.0.95, 6.0.94, 6.0.93, 6.0.92, 6.0.91, 6.0.90, 6.0.89, 6.0.88, 6.0.87, 6.0.86, 6.0.85, 6.0.84, 6.0.83, 6.0.82, 6.0.81, 6.0.80, 6.0.79, 6.0.78, 6.0.77, 6.0.76, 6.0.75, 6.0.74, 6.0.73, 6.0.72, 6.0.71, 6.0.70, 6.0.69, 6.0.68, 6.0.67, 6.0.66, 6.0.65, 6.0.64, 6.0.63, 6.0.62, 6.0.61, 6.0.60, 6.0.59, 6.0.58, 6.0.57, 6.0.56, 6.0.55, 6.0.54, 6.0.53, 6.0.52, 6.0.51, 6.0.50, 6.0.49, 6.0.48, 6.0.47, 6.0.46, 6.0.45, 6.0.44, 6.0.43, 6.0.42, 6.0.41, 6.0.40, 6.0.39, 6.0.38, 6.0.37, 6.0.36, 6.0.35, 6.0.34, 6.0.33, 6.0.32, 6.0.31, 4.9.3, 4.9.2, 4.9.1, 4.9.0, 4.2.23, 4.2.22, 4.2.21, 4.2.20, 4.2.19, 4.2.18, 4.2.17, 4.2.16, 4.2.15, 4.2.14, 4.2.13, 4.2.12, 4.2.11, 4.2.10, 4.2.9, 4.2.8, 4.2.7, 4.2.6, 4.2.5, 4.2.4, 4.2.3, 4.2.2, 4.2.1, 4.2.0, 4.0.48, 4.0.47, 4.0.46, 4.0.45, 4.0.44, 4.0.43, 4.0.42, 4.0.41, 4.0.40, 4.0.39, 4.0.38, 4.0.37, 4.0.36, 4.0.35, 4.0.34, 4.0.33, 4.0.32, 4.0.31, 4.0.30, 4.0.29, 4.0.28-alpha, 4.0.27-alpha, 4.0.26-alpha, 4.0.25-alpha, 4.0.24-alpha, 4.0.23-alpha, 4.0.22-alpha, 4.0.21-alpha, 4.0.16-alpha, 4.0.15-alpha, 0.12.23, 0.12.22, 0.12.21, 0.12.20, 0.12.19, 0.12.18, 0.12.17, 0.12.16, 0.12.15, 0.12.14, 0.12.13, 0.12.12, 0.12.11, 0.12.10, 0.12.9, 0.12.8, 0.12.7, 0.12.6, 0.12.5, 0.12.4, 0.12.3, 0.12.2, 0.12.1, 0.12.0, 0.0.3, 0.0.2, 0.0.1, 0.0.0
135 verbose stack
135 verbose stack     at pickVersionFromRegistryDocument (/Users/samirpatel/.nvm/versions/node/v6.10.2/lib/node_modules/npm/lib/fetch-package-metadata.js:178:16)
135 verbose stack     at /Users/samirpatel/.nvm/versions/node/v6.10.2/lib/node_modules/npm/node_modules/iferr/index.js:13:50
135 verbose stack     at /Users/samirpatel/.nvm/versions/node/v6.10.2/lib/node_modules/npm/lib/utils/pulse-till-done.js:20:8
135 verbose stack     at saved (/Users/samirpatel/.nvm/versions/node/v6.10.2/lib/node_modules/npm/lib/cache/caching-client.js:174:7)
135 verbose stack     at /Users/samirpatel/.nvm/versions/node/v6.10.2/lib/node_modules/npm/node_modules/graceful-fs/polyfills.js:241:18
135 verbose stack     at FSReqWrap.oncomplete (fs.js:123:15)
136 verbose cwd /Users/samirpatel/htdocs/flosports/hls-clip-creator
137 error Darwin 18.6.0
138 error argv "/Users/samirpatel/.nvm/versions/node/v6.10.2/bin/node" "/Users/samirpatel/.nvm/versions/node/v6.10.2/lib/node_modules/npm/bin/npm-cli.js" "install" "--scripts-prepend-node-path=auto"
139 error node v6.10.2
140 error npm  v3.10.10
141 error code ETARGET
142 error notarget No compatible version found: @types/node@^10.16.0
142 error notarget Valid install targets:
142 error notarget 12.6.2, 12.6.1, 12.6.0, 12.0.12, 12.0.11, 12.0.10, 12.0.9, 12.0.8, 12.0.7, 12.0.6, 12.0.5, 12.0.4, 12.0.3, 12.0.2, 12.0.1, 12.0.0, 11.13.17, 11.13.16, 11.13.15, 11.13.14, 11.13.13, 11.13.12, 11.13.11, 11.13.10, 11.13.9, 11.13.8, 11.13.7, 11.13.6, 11.13.5, 11.13.4, 11.13.3, 11.13.2, 11.13.1, 11.13.0, 11.12.4, 11.12.3, 11.12.2, 11.12.1, 11.12.0, 11.11.8, 11.11.7, 11.11.6, 11.11.5, 11.11.4, 11.11.3, 11.11.2, 11.11.1, 11.11.0, 11.10.6, 11.10.5, 11.10.4, 11.10.3, 11.10.2, 11.10.1, 11.10.0, 11.9.6, 11.9.5, 11.9.4, 11.9.3, 11.9.2, 11.9.1, 11.9.0, 10.14.12, 10.14.11, 10.14.10, 10.14.9, 10.14.8, 10.14.7, 10.14.6, 10.14.5, 10.14.4, 10.14.3, 10.14.2, 10.14.1, 10.14.0, 10.12.30, 10.12.29, 10.12.28, 10.12.27, 10.12.26, 10.12.25, 10.12.24, 10.12.23, 10.12.22, 10.12.21, 10.12.20, 10.12.19, 10.12.18, 10.12.17, 10.12.16, 10.12.15, 10.12.14, 10.12.13, 10.12.12, 10.12.11, 10.12.10, 10.12.9, 10.12.8, 10.12.7, 10.12.6, 10.12.5, 10.12.4, 10.12.3, 10.12.2, 10.12.1, 10.12.0, 10.11.7, 10.11.6, 10.11.5, 10.11.4, 10.11.3, 10.11.2, 10.11.1, 10.11.0, 10.10.3, 10.10.2, 10.10.1, 10.10.0, 10.9.4, 10.9.3, 10.9.2, 10.9.1, 10.9.0, 10.7.2, 10.7.1, 10.7.0, 10.5.8, 10.5.7, 10.5.6, 10.5.5, 10.5.4, 10.5.3, 10.5.2, 10.5.1, 10.5.0, 10.3.6, 10.3.5, 10.3.4, 10.3.3, 10.3.2, 10.3.1, 10.3.0, 10.1.4, 10.1.3, 10.1.2, 10.1.1, 10.1.0, 10.0.10, 10.0.9, 10.0.8, 10.0.7, 10.0.6, 10.0.5, 10.0.4, 10.0.3, 10.0.2, 10.0.1, 10.0.0, 9.6.49, 9.6.48, 9.6.47, 9.6.46, 9.6.45, 9.6.44, 9.6.43, 9.6.42, 9.6.41, 9.6.40, 9.6.39, 9.6.38, 9.6.37, 9.6.36, 9.6.35, 9.6.34, 9.6.33, 9.6.32, 9.6.31, 9.6.30, 9.6.29, 9.6.28, 9.6.27, 9.6.26, 9.6.25, 9.6.24, 9.6.23, 9.6.22, 9.6.21, 9.6.20, 9.6.19, 9.6.18, 9.6.17, 9.6.16, 9.6.15, 9.6.14, 9.6.13, 9.6.12, 9.6.11, 9.6.10, 9.6.9, 9.6.8, 9.6.7, 9.6.6, 9.6.5, 9.6.4, 9.6.3, 9.6.2, 9.6.1, 9.6.0, 9.4.7, 9.4.6, 9.4.5, 9.4.4, 9.4.3, 9.4.2, 9.4.1, 9.4.0, 9.3.0, 8.10.50, 8.10.49, 8.10.48, 8.10.47, 8.10.46, 8.10.45, 8.10.44, 8.10.43, 8.10.42, 8.10.41, 8.10.40, 8.10.39, 8.10.38, 8.10.37, 8.10.36, 8.10.35, 8.10.34, 8.10.33, 8.10.32, 8.10.31, 8.10.30, 8.10.29, 8.10.28, 8.10.27, 8.10.26, 8.10.25, 8.10.24, 8.10.23, 8.10.22, 8.10.21, 8.10.20, 8.10.19, 8.10.18, 8.10.17, 8.10.16, 8.10.15, 8.10.14, 8.10.13, 8.10.12, 8.10.11, 8.10.10, 8.10.9, 8.10.8, 8.10.7, 8.10.6, 8.10.5, 8.10.4, 8.10.3, 8.10.2, 8.10.1, 8.10.0, 8.9.5, 8.9.4, 8.9.3, 8.9.2, 8.9.1, 8.9.0, 8.5.10, 8.5.9, 8.5.8, 8.5.7, 8.5.6, 8.5.5, 8.5.4, 8.5.3, 8.5.2, 8.5.1, 8.5.0, 8.0.58, 8.0.57, 8.0.56, 8.0.55, 8.0.54, 8.0.53, 8.0.52, 8.0.51, 8.0.50, 8.0.49, 8.0.48, 8.0.47, 8.0.46, 8.0.45, 8.0.44, 8.0.43, 8.0.42, 8.0.41, 8.0.40, 8.0.39, 8.0.38, 8.0.37, 8.0.36, 8.0.35, 8.0.34, 8.0.33, 8.0.32, 8.0.31, 8.0.30, 8.0.29, 8.0.28, 8.0.27, 8.0.26, 8.0.25, 8.0.24, 8.0.23, 8.0.22, 8.0.21, 8.0.20, 8.0.19, 8.0.18, 8.0.17, 8.0.16, 8.0.15, 8.0.14, 8.0.13, 8.0.12, 8.0.11, 8.0.10, 8.0.9, 8.0.8, 8.0.7, 8.0.6, 8.0.5, 8.0.4, 8.0.3, 8.0.2, 8.0.1, 8.0.0, 7.10.6, 7.10.5, 7.10.4, 7.10.3, 7.10.2, 7.10.1, 7.10.0, 7.0.71, 7.0.70, 7.0.69, 7.0.68, 7.0.67, 7.0.66, 7.0.65, 7.0.64, 7.0.63, 7.0.62, 7.0.61, 7.0.60, 7.0.59, 7.0.58, 7.0.57, 7.0.56, 7.0.55, 7.0.54, 7.0.53, 7.0.52, 7.0.51, 7.0.50, 7.0.49, 7.0.48, 7.0.47, 7.0.46, 7.0.45, 7.0.44, 7.0.43, 7.0.42, 7.0.41, 7.0.40, 7.0.39, 7.0.38, 7.0.37, 7.0.36, 7.0.35, 7.0.34, 7.0.33, 7.0.32, 7.0.31, 7.0.30, 7.0.29, 7.0.28, 7.0.27, 7.0.26, 7.0.25, 7.0.24, 7.0.23, 7.0.22, 7.0.21, 7.0.20, 7.0.19, 7.0.18, 7.0.17, 7.0.16, 7.0.15, 7.0.14, 7.0.13, 7.0.12, 7.0.11, 7.0.10, 7.0.9, 7.0.8, 7.0.7, 7.0.6, 7.0.5, 7.0.4, 7.0.3, 7.0.2, 7.0.1, 7.0.0, 6.14.6, 6.14.5, 6.14.4, 6.14.3, 6.14.2, 6.14.1, 6.14.0, 6.0.118, 6.0.117, 6.0.116, 6.0.115, 6.0.114, 6.0.113, 6.0.112, 6.0.111, 6.0.110, 6.0.109, 6.0.108, 6.0.107, 6.0.106, 6.0.105, 6.0.104, 6.0.103, 6.0.102, 6.0.101, 6.0.100, 6.0.99, 6.0.98, 6.0.97, 6.0.96, 6.0.95, 6.0.94, 6.0.93, 6.0.92, 6.0.91, 6.0.90, 6.0.89, 6.0.88, 6.0.87, 6.0.86, 6.0.85, 6.0.84, 6.0.83, 6.0.82, 6.0.81, 6.0.80, 6.0.79, 6.0.78, 6.0.77, 6.0.76, 6.0.75, 6.0.74, 6.0.73, 6.0.72, 6.0.71, 6.0.70, 6.0.69, 6.0.68, 6.0.67, 6.0.66, 6.0.65, 6.0.64, 6.0.63, 6.0.62, 6.0.61, 6.0.60, 6.0.59, 6.0.58, 6.0.57, 6.0.56, 6.0.55, 6.0.54, 6.0.53, 6.0.52, 6.0.51, 6.0.50, 6.0.49, 6.0.48, 6.0.47, 6.0.46, 6.0.45, 6.0.44, 6.0.43, 6.0.42, 6.0.41, 6.0.40, 6.0.39, 6.0.38, 6.0.37, 6.0.36, 6.0.35, 6.0.34, 6.0.33, 6.0.32, 6.0.31, 4.9.3, 4.9.2, 4.9.1, 4.9.0, 4.2.23, 4.2.22, 4.2.21, 4.2.20, 4.2.19, 4.2.18, 4.2.17, 4.2.16, 4.2.15, 4.2.14, 4.2.13, 4.2.12, 4.2.11, 4.2.10, 4.2.9, 4.2.8, 4.2.7, 4.2.6, 4.2.5, 4.2.4, 4.2.3, 4.2.2, 4.2.1, 4.2.0, 4.0.48, 4.0.47, 4.0.46, 4.0.45, 4.0.44, 4.0.43, 4.0.42, 4.0.41, 4.0.40, 4.0.39, 4.0.38, 4.0.37, 4.0.36, 4.0.35, 4.0.34, 4.0.33, 4.0.32, 4.0.31, 4.0.30, 4.0.29, 4.0.28-alpha, 4.0.27-alpha, 4.0.26-alpha, 4.0.25-alpha, 4.0.24-alpha, 4.0.23-alpha, 4.0.22-alpha, 4.0.21-alpha, 4.0.16-alpha, 4.0.15-alpha, 0.12.23, 0.12.22, 0.12.21, 0.12.20, 0.12.19, 0.12.18, 0.12.17, 0.12.16, 0.12.15, 0.12.14, 0.12.13, 0.12.12, 0.12.11, 0.12.10, 0.12.9, 0.12.8, 0.12.7, 0.12.6, 0.12.5, 0.12.4, 0.12.3, 0.12.2, 0.12.1, 0.12.0, 0.0.3, 0.0.2, 0.0.1, 0.0.0
143 error notarget This is most likely not a problem with npm itself.
143 error notarget In most cases you or one of your dependencies are requesting
143 error notarget a package version that doesn't exist.
143 error notarget
143 error notarget It was specified as a dependency of 'hls-clip-creator'
144 verbose exit [ 1, true ]
